Cierre de sesion de usuario
Inicio de sesion de usuario: admin
Registro de medico
Actualizacion de medico Alonso
Registro de medicolol
Actualizacion de medico Harry
Cierre de sesion de usuario 
fallo de sesion de usuario
fallo de sesion de usuario
fallo de sesion de usuario
Inicio de sesion de usuario: alexander
Cierre de sesion de usuario 
Inicio de sesion de usuario: admin
Error al crear usuario
Error al crear usuario
Error al crear usuario
Error al crear usuario
Error al crear usuario
Error al crear usuario
fallo de sesion de usuario
Inicio de sesion de usuario: admin
fallo de sesion de usuario
fallo de sesion de usuario
fallo de sesion de usuario
fallo de sesion de usuario
Error al crear usuario
Inicio de sesion de usuario: alexander
Cierre de sesion de usuario 
fallo de sesion de usuario
fallo de sesion de usuario
fallo de sesion de usuario
fallo de sesion de usuario
Inicio de sesion de usuario: administrador
Error al crear usuario
Inicio de sesion de usuario: admin
Cierre de sesion de usuario 
Error al crear usuario
Registro de usuario bebote
Cierre de sesion de usuario 
Error al crear usuario
Registro de usuario 123qweqwe
Actualizacion de medico el niño
Eliminacion de medico el niño
Cierre de sesion de usuario 
Inicio de sesion de usuario: admin
Cierre de sesion de usuario 
Error al crear usuario
Error al crear usuario
Error al crear usuario
Registro de usuario Jesus
registro en conferencia Musica
Actualizacion de conferencia Teatro vs baile
Eliminacion de conferencia Teatro vs baile
registro de inventario Pinzas
Actualizacion de inventario Pinzas quirurgicas
Actualizacion de medico Angel Patricio
Registro de medico DR patricio
Registro de consulta Alan
Actualizacion de consulta Alan
Eliminacion de consulta 9
Inicio de sesion de usuario: Jesus
Inicio de sesion de usuario: admin
